[1219/112147.727:ERROR:directory_reader_win.cc(43)] FindFirstFile: The system cannot find the path specified. (0x3)
[1219/120209.682:ERROR:directory_reader_win.cc(43)] FindFirstFile: The system cannot find the path specified. (0x3)
[1219/120654.090:ERROR:process_reader_win.cc(151)] SuspendThread: Access is denied. (0x5)
[1219/120654.090:ERROR:process_reader_win.cc(123)] NtOpenThread: {Access Denied} A process has requested access to an object, but has not been granted those access rights. (0xc0000022)
[1219/120654.090:ERROR:exception_snapshot_win.cc(99)] thread ID 11308 not found in process
[1219/120654.115:ERROR:process_reader_win.cc(151)] SuspendThread: Access is denied. (0x5)
[1219/120654.115:ERROR:process_reader_win.cc(123)] NtOpenThread: {Access Denied} A process has requested access to an object, but has not been granted those access rights. (0xc0000022)
[1219/120654.115:ERROR:exception_snapshot_win.cc(99)] thread ID 1692 not found in process
[1219/120654.125:ERROR:process_reader_win.cc(151)] SuspendThread: Access is denied. (0x5)
[1219/120654.125:ERROR:process_reader_win.cc(151)] SuspendThread: Access is denied. (0x5)
[1219/120654.125:ERROR:process_reader_win.cc(123)] NtOpenThread: {Access Denied} A process has requested access to an object, but has not been granted those access rights. (0xc0000022)
[1219/120654.125:ERROR:exception_snapshot_win.cc(99)] thread ID 12156 not found in process
[1219/120654.135:ERROR:process_reader_win.cc(151)] SuspendThread: Access is denied. (0x5)
[1219/120654.135:ERROR:process_reader_win.cc(151)] SuspendThread: Access is denied. (0x5)
[1219/120654.135:ERROR:process_reader_win.cc(151)] SuspendThread: Access is denied. (0x5)
[1219/120654.135:ERROR:process_reader_win.cc(151)] SuspendThread: Access is denied. (0x5)
[1219/120654.135:ERROR:process_reader_win.cc(123)] NtOpenThread: {Access Denied} A process has requested access to an object, but has not been granted those access rights. (0xc0000022)
[1219/120654.135:ERROR:exception_snapshot_win.cc(99)] thread ID 552 not found in process
[1219/120654.145:ERROR:process_reader_win.cc(151)] SuspendThread: Access is denied. (0x5)
[1219/120654.145:ERROR:process_reader_win.cc(151)] SuspendThread: Access is denied. (0x5)
[1219/120654.145:ERROR:process_reader_win.cc(123)] NtOpenThread: {Access Denied} A process has requested access to an object, but has not been granted those access rights. (0xc0000022)
[1219/120654.145:ERROR:exception_snapshot_win.cc(99)] thread ID 14944 not found in process
[1219/120654.163:ERROR:process_reader_win.cc(151)] SuspendThread: Access is denied. (0x5)
[1219/120654.163:ERROR:process_reader_win.cc(151)] SuspendThread: Access is denied. (0x5)
[1219/120654.163:ERROR:process_reader_win.cc(151)] SuspendThread: Access is denied. (0x5)
[1219/120654.163:ERROR:process_reader_win.cc(151)] SuspendThread: Access is denied. (0x5)
[1219/120654.163:ERROR:process_reader_win.cc(151)] SuspendThread: Access is denied. (0x5)
[1219/120654.163:ERROR:process_reader_win.cc(151)] SuspendThread: Access is denied. (0x5)
[1219/120654.163:ERROR:process_reader_win.cc(151)] SuspendThread: Access is denied. (0x5)
[1219/120654.163:ERROR:process_reader_win.cc(151)] SuspendThread: Access is denied. (0x5)
[1219/120654.163:ERROR:process_reader_win.cc(151)] SuspendThread: Access is denied. (0x5)
[1219/120654.163:ERROR:process_reader_win.cc(151)] SuspendThread: Access is denied. (0x5)
[1219/120654.163:ERROR:process_reader_win.cc(151)] SuspendThread: Access is denied. (0x5)
[1219/120654.163:ERROR:process_reader_win.cc(151)] SuspendThread: Access is denied. (0x5)
[1219/120654.163:ERROR:process_reader_win.cc(123)] NtOpenThread: {Access Denied} A process has requested access to an object, but has not been granted those access rights. (0xc0000022)
[1219/120654.165:ERROR:exception_snapshot_win.cc(99)] thread ID 4236 not found in process
[1219/120654.165:ERROR:process_reader_win.cc(151)] SuspendThread: Access is denied. (0x5)
[1219/120654.165:ERROR:process_reader_win.cc(151)] SuspendThread: Access is denied. (0x5)
[1219/120654.165:ERROR:process_reader_win.cc(151)] SuspendThread: Access is denied. (0x5)
[1219/120654.165:ERROR:process_reader_win.cc(151)] SuspendThread: Access is denied. (0x5)
[1219/120654.165:ERROR:process_reader_win.cc(151)] SuspendThread: Access is denied. (0x5)
[1219/120654.165:ERROR:process_reader_win.cc(151)] SuspendThread: Access is denied. (0x5)
[1219/120654.165:ERROR:process_reader_win.cc(151)] SuspendThread: Access is denied. (0x5)
[1219/120654.165:ERROR:process_reader_win.cc(151)] SuspendThread: Access is denied. (0x5)
[1219/120654.165:ERROR:process_reader_win.cc(151)] SuspendThread: Access is denied. (0x5)
[1219/120654.165:ERROR:process_reader_win.cc(151)] SuspendThread: Access is denied. (0x5)
[1219/120654.165:ERROR:process_reader_win.cc(151)] SuspendThread: Access is denied. (0x5)
[1219/120654.165:ERROR:process_reader_win.cc(151)] SuspendThread: Access is denied. (0x5)
[1219/120654.165:ERROR:process_reader_win.cc(151)] SuspendThread: Access is denied. (0x5)
[1219/120654.165:ERROR:process_reader_win.cc(123)] NtOpenThread: {Access Denied} A process has requested access to an object, but has not been granted those access rights. (0xc0000022)
[1219/120654.165:ERROR:exception_snapshot_win.cc(99)] thread ID 5432 not found in process
[1219/120654.175:ERROR:process_reader_win.cc(151)] SuspendThread: Access is denied. (0x5)
[1219/120654.175:ERROR:process_reader_win.cc(151)] SuspendThread: Access is denied. (0x5)
[1219/120654.175:ERROR:process_reader_win.cc(123)] NtOpenThread: {Access Denied} A process has requested access to an object, but has not been granted those access rights. (0xc0000022)
[1219/120654.175:ERROR:exception_snapshot_win.cc(99)] thread ID 1632 not found in process
[1219/120654.175:ERROR:process_reader_win.cc(151)] SuspendThread: Access is denied. (0x5)
[1219/120654.175:ERROR:process_reader_win.cc(151)] SuspendThread: Access is denied. (0x5)
[1219/120654.175:ERROR:process_reader_win.cc(151)] SuspendThread: Access is denied. (0x5)
[1219/120654.175:ERROR:process_reader_win.cc(151)] SuspendThread: Access is denied. (0x5)
[1219/120654.175:ERROR:process_reader_win.cc(151)] SuspendThread: Access is denied. (0x5)
[1219/120654.175:ERROR:process_reader_win.cc(151)] SuspendThread: Access is denied. (0x5)
[1219/120654.175:ERROR:process_reader_win.cc(151)] SuspendThread: Access is denied. (0x5)
[1219/120654.175:ERROR:process_reader_win.cc(151)] SuspendThread: Access is denied. (0x5)
[1219/120654.175:ERROR:process_reader_win.cc(151)] SuspendThread: Access is denied. (0x5)
[1219/120654.175:ERROR:process_reader_win.cc(151)] SuspendThread: Access is denied. (0x5)
[1219/120654.175:ERROR:process_reader_win.cc(151)] SuspendThread: Access is denied. (0x5)
[1219/120654.175:ERROR:process_reader_win.cc(151)] SuspendThread: Access is denied. (0x5)
[1219/120654.175:ERROR:process_reader_win.cc(151)] SuspendThread: Access is denied. (0x5)
[1219/120654.175:ERROR:process_reader_win.cc(123)] NtOpenThread: {Access Denied} A process has requested access to an object, but has not been granted those access rights. (0xc0000022)
[1219/120654.175:ERROR:exception_snapshot_win.cc(99)] thread ID 7188 not found in process
[1219/120654.196:ERROR:process_reader_win.cc(151)] SuspendThread: Access is denied. (0x5)
[1219/120654.196:ERROR:process_reader_win.cc(151)] SuspendThread: Access is denied. (0x5)
[1219/120654.196:ERROR:process_reader_win.cc(151)] SuspendThread: Access is denied. (0x5)
[1219/120654.196:ERROR:process_reader_win.cc(151)] SuspendThread: Access is denied. (0x5)
[1219/120654.196:ERROR:process_reader_win.cc(151)] SuspendThread: Access is denied. (0x5)
[1219/120654.196:ERROR:process_reader_win.cc(151)] SuspendThread: Access is denied. (0x5)
[1219/120654.196:ERROR:process_reader_win.cc(151)] SuspendThread: Access is denied. (0x5)
[1219/120654.196:ERROR:process_reader_win.cc(151)] SuspendThread: Access is denied. (0x5)
[1219/120654.196:ERROR:process_reader_win.cc(151)] SuspendThread: Access is denied. (0x5)
[1219/120654.196:ERROR:process_reader_win.cc(151)] SuspendThread: Access is denied. (0x5)
[1219/120654.196:ERROR:process_reader_win.cc(151)] SuspendThread: Access is denied. (0x5)
[1219/120654.196:ERROR:process_reader_win.cc(151)] SuspendThread: Access is denied. (0x5)
[1219/120654.196:ERROR:process_reader_win.cc(151)] SuspendThread: Access is denied. (0x5)
[1219/120654.196:ERROR:process_reader_win.cc(151)] SuspendThread: Access is denied. (0x5)
[1219/120654.196:ERROR:process_reader_win.cc(123)] NtOpenThread: {Access Denied} A process has requested access to an object, but has not been granted those access rights. (0xc0000022)
[1219/120654.196:ERROR:exception_snapshot_win.cc(99)] thread ID 14068 not found in process
[1219/120654.206:ERROR:process_reader_win.cc(151)] SuspendThread: Access is denied. (0x5)
[1219/120654.206:ERROR:process_reader_win.cc(151)] SuspendThread: Access is denied. (0x5)
[1219/120654.206:ERROR:process_reader_win.cc(151)] SuspendThread: Access is denied. (0x5)
[1219/120654.206:ERROR:process_reader_win.cc(151)] SuspendThread: Access is denied. (0x5)
[1219/120654.206:ERROR:process_reader_win.cc(151)] SuspendThread: Access is denied. (0x5)
[1219/120654.206:ERROR:process_reader_win.cc(151)] SuspendThread: Access is denied. (0x5)
[1219/120654.206:ERROR:process_reader_win.cc(151)] SuspendThread: Access is denied. (0x5)
[1219/120654.206:ERROR:process_reader_win.cc(151)] SuspendThread: Access is denied. (0x5)
[1219/120654.206:ERROR:process_reader_win.cc(151)] SuspendThread: Access is denied. (0x5)
[1219/120654.206:ERROR:process_reader_win.cc(151)] SuspendThread: Access is denied. (0x5)
[1219/120654.206:ERROR:process_reader_win.cc(151)] SuspendThread: Access is denied. (0x5)
[1219/120654.206:ERROR:process_reader_win.cc(151)] SuspendThread: Access is denied. (0x5)
[1219/120654.206:ERROR:process_reader_win.cc(151)] SuspendThread: Access is denied. (0x5)
[1219/120654.206:ERROR:process_reader_win.cc(123)] NtOpenThread: {Access Denied} A process has requested access to an object, but has not been granted those access rights. (0xc0000022)
[1219/120654.206:ERROR:exception_snapshot_win.cc(99)] thread ID 8488 not found in process
[1219/120654.206:ERROR:process_reader_win.cc(151)] SuspendThread: Access is denied. (0x5)
[1219/120654.206:ERROR:process_reader_win.cc(151)] SuspendThread: Access is denied. (0x5)
[1219/120654.206:ERROR:process_reader_win.cc(151)] SuspendThread: Access is denied. (0x5)
[1219/120654.206:ERROR:process_reader_win.cc(151)] SuspendThread: Access is denied. (0x5)
[1219/120654.206:ERROR:process_reader_win.cc(151)] SuspendThread: Access is denied. (0x5)
[1219/120654.206:ERROR:process_reader_win.cc(151)] SuspendThread: Access is denied. (0x5)
[1219/120654.206:ERROR:process_reader_win.cc(151)] SuspendThread: Access is denied. (0x5)
[1219/120654.206:ERROR:process_reader_win.cc(151)] SuspendThread: Access is denied. (0x5)
[1219/120654.206:ERROR:process_reader_win.cc(151)] SuspendThread: Access is denied. (0x5)
[1219/120654.206:ERROR:process_reader_win.cc(151)] SuspendThread: Access is denied. (0x5)
[1219/120654.206:ERROR:process_reader_win.cc(151)] SuspendThread: Access is denied. (0x5)
[1219/120654.206:ERROR:process_reader_win.cc(151)] SuspendThread: Access is denied. (0x5)
[1219/120654.206:ERROR:process_reader_win.cc(151)] SuspendThread: Access is denied. (0x5)
[1219/120654.206:ERROR:process_reader_win.cc(123)] NtOpenThread: {Access Denied} A process has requested access to an object, but has not been granted those access rights. (0xc0000022)
[1219/120654.206:ERROR:exception_snapshot_win.cc(99)] thread ID 15000 not found in process
[1219/120654.216:ERROR:process_reader_win.cc(151)] SuspendThread: Access is denied. (0x5)
[1219/120654.216:ERROR:process_reader_win.cc(151)] SuspendThread: Access is denied. (0x5)
[1219/120654.216:ERROR:process_reader_win.cc(151)] SuspendThread: Access is denied. (0x5)
[1219/120654.216:ERROR:process_reader_win.cc(151)] SuspendThread: Access is denied. (0x5)
[1219/120654.216:ERROR:process_reader_win.cc(151)] SuspendThread: Access is denied. (0x5)
[1219/120654.216:ERROR:process_reader_win.cc(151)] SuspendThread: Access is denied. (0x5)
[1219/120654.216:ERROR:process_reader_win.cc(151)] SuspendThread: Access is denied. (0x5)
[1219/120654.216:ERROR:process_reader_win.cc(151)] SuspendThread: Access is denied. (0x5)
[1219/120654.216:ERROR:process_reader_win.cc(151)] SuspendThread: Access is denied. (0x5)
[1219/120654.216:ERROR:process_reader_win.cc(151)] SuspendThread: Access is denied. (0x5)
[1219/120654.216:ERROR:process_reader_win.cc(151)] SuspendThread: Access is denied. (0x5)
[1219/120654.216:ERROR:process_reader_win.cc(151)] SuspendThread: Access is denied. (0x5)
[1219/120654.216:ERROR:process_reader_win.cc(151)] SuspendThread: Access is denied. (0x5)
[1219/120654.216:ERROR:process_reader_win.cc(123)] NtOpenThread: {Access Denied} A process has requested access to an object, but has not been granted those access rights. (0xc0000022)
[1219/120654.224:ERROR:exception_snapshot_win.cc(99)] thread ID 6356 not found in process
[1219/120654.226:ERROR:process_reader_win.cc(151)] SuspendThread: Access is denied. (0x5)
[1219/120654.226:ERROR:process_reader_win.cc(151)] SuspendThread: Access is denied. (0x5)
[1219/120654.226:ERROR:process_reader_win.cc(151)] SuspendThread: Access is denied. (0x5)
[1219/120654.226:ERROR:process_reader_win.cc(151)] SuspendThread: Access is denied. (0x5)
[1219/120654.226:ERROR:process_reader_win.cc(151)] SuspendThread: Access is denied. (0x5)
[1219/120654.226:ERROR:process_reader_win.cc(151)] SuspendThread: Access is denied. (0x5)
[1219/120654.226:ERROR:process_reader_win.cc(151)] SuspendThread: Access is denied. (0x5)
[1219/120654.226:ERROR:process_reader_win.cc(151)] SuspendThread: Access is denied. (0x5)
[1219/120654.226:ERROR:process_reader_win.cc(151)] SuspendThread: Access is denied. (0x5)
[1219/120654.226:ERROR:process_reader_win.cc(151)] SuspendThread: Access is denied. (0x5)
[1219/120654.226:ERROR:process_reader_win.cc(151)] SuspendThread: Access is denied. (0x5)
[1219/120654.226:ERROR:process_reader_win.cc(151)] SuspendThread: Access is denied. (0x5)
[1219/120654.226:ERROR:process_reader_win.cc(151)] SuspendThread: Access is denied. (0x5)
[1219/120654.226:ERROR:process_reader_win.cc(123)] NtOpenThread: {Access Denied} A process has requested access to an object, but has not been granted those access rights. (0xc0000022)
[1219/120654.226:ERROR:exception_snapshot_win.cc(99)] thread ID 6492 not found in process
[1219/120654.236:ERROR:process_reader_win.cc(151)] SuspendThread: Access is denied. (0x5)
[1219/120654.236:ERROR:process_reader_win.cc(151)] SuspendThread: Access is denied. (0x5)
[1219/120654.236:ERROR:process_reader_win.cc(151)] SuspendThread: Access is denied. (0x5)
[1219/120654.236:ERROR:process_reader_win.cc(151)] SuspendThread: Access is denied. (0x5)
[1219/120654.236:ERROR:process_reader_win.cc(151)] SuspendThread: Access is denied. (0x5)
[1219/120654.236:ERROR:process_reader_win.cc(151)] SuspendThread: Access is denied. (0x5)
[1219/120654.236:ERROR:process_reader_win.cc(151)] SuspendThread: Access is denied. (0x5)
[1219/120654.236:ERROR:process_reader_win.cc(151)] SuspendThread: Access is denied. (0x5)
[1219/120654.236:ERROR:process_reader_win.cc(151)] SuspendThread: Access is denied. (0x5)
[1219/120654.236:ERROR:process_reader_win.cc(151)] SuspendThread: Access is denied. (0x5)
[1219/120654.236:ERROR:process_reader_win.cc(151)] SuspendThread: Access is denied. (0x5)
[1219/120654.236:ERROR:process_reader_win.cc(151)] SuspendThread: Access is denied. (0x5)
[1219/120654.236:ERROR:process_reader_win.cc(151)] SuspendThread: Access is denied. (0x5)
[1219/120654.236:ERROR:process_reader_win.cc(123)] NtOpenThread: {Access Denied} A process has requested access to an object, but has not been granted those access rights. (0xc0000022)
[1219/120654.236:ERROR:exception_snapshot_win.cc(99)] thread ID 8532 not found in process
[1219/120654.236:ERROR:process_reader_win.cc(151)] SuspendThread: Access is denied. (0x5)
[1219/120654.236:ERROR:process_reader_win.cc(151)] SuspendThread: Access is denied. (0x5)
[1219/120654.236:ERROR:process_reader_win.cc(151)] SuspendThread: Access is denied. (0x5)
[1219/120654.236:ERROR:process_reader_win.cc(151)] SuspendThread: Access is denied. (0x5)
[1219/120654.236:ERROR:process_reader_win.cc(151)] SuspendThread: Access is denied. (0x5)
[1219/120654.236:ERROR:process_reader_win.cc(151)] SuspendThread: Access is denied. (0x5)
[1219/120654.236:ERROR:process_reader_win.cc(151)] SuspendThread: Access is denied. (0x5)
[1219/120654.236:ERROR:process_reader_win.cc(151)] SuspendThread: Access is denied. (0x5)
[1219/120654.236:ERROR:process_reader_win.cc(151)] SuspendThread: Access is denied. (0x5)
[1219/120654.236:ERROR:process_reader_win.cc(151)] SuspendThread: Access is denied. (0x5)
[1219/120654.236:ERROR:process_reader_win.cc(151)] SuspendThread: Access is denied. (0x5)
[1219/120654.236:ERROR:process_reader_win.cc(151)] SuspendThread: Access is denied. (0x5)
[1219/120654.236:ERROR:process_reader_win.cc(151)] SuspendThread: Access is denied. (0x5)
[1219/120654.236:ERROR:process_reader_win.cc(123)] NtOpenThread: {Access Denied} A process has requested access to an object, but has not been granted those access rights. (0xc0000022)
[1219/120654.236:ERROR:exception_snapshot_win.cc(99)] thread ID 9672 not found in process
[1219/120654.409:ERROR:process_reader_win.cc(123)] NtOpenThread: {Access Denied} A process has requested access to an object, but has not been granted those access rights. (0xc0000022)
[1219/120654.409:ERROR:exception_snapshot_win.cc(99)] thread ID 11904 not found in process
[1219/122835.631:ERROR:process_reader_win.cc(151)] SuspendThread: Access is denied. (0x5)
[1219/122835.637:ERROR:process_reader_win.cc(151)] SuspendThread: Access is denied. (0x5)
[1219/122835.649:ERROR:process_reader_win.cc(151)] SuspendThread: Access is denied. (0x5)
[1219/122835.923:ERROR:process_reader_win.cc(151)] SuspendThread: Access is denied. (0x5)
[1219/122835.923:ERROR:process_reader_win.cc(151)] SuspendThread: Access is denied. (0x5)
[1219/122835.923:ERROR:process_reader_win.cc(151)] SuspendThread: Access is denied. (0x5)
[1219/122835.924:ERROR:process_reader_win.cc(151)] SuspendThread: Access is denied. (0x5)
[1219/122835.926:ERROR:process_reader_win.cc(151)] SuspendThread: Access is denied. (0x5)
[1219/122835.652:ERROR:process_reader_win.cc(151)] SuspendThread: Access is denied. (0x5)
[1219/122835.926:ERROR:process_reader_win.cc(151)] SuspendThread: Access is denied. (0x5)
[1219/122835.926:ERROR:process_reader_win.cc(151)] SuspendThread: Access is denied. (0x5)
[1219/122835.926:ERROR:process_reader_win.cc(151)] SuspendThread: Access is denied. (0x5)
[1219/122835.927:ERROR:process_reader_win.cc(151)] SuspendThread: Access is denied. (0x5)
[1219/122835.656:ERROR:process_reader_win.cc(151)] SuspendThread: Access is denied. (0x5)
[1219/122835.710:ERROR:process_reader_win.cc(151)] SuspendThread: Access is denied. (0x5)
[1219/122835.927:ERROR:process_reader_win.cc(151)] SuspendThread: Access is denied. (0x5)
[1219/122835.718:ERROR:process_reader_win.cc(151)] SuspendThread: Access is denied. (0x5)
[1219/122835.927:ERROR:process_reader_win.cc(151)] SuspendThread: Access is denied. (0x5)
[1219/122835.756:ERROR:process_reader_win.cc(151)] SuspendThread: Access is denied. (0x5)
[1219/122835.927:ERROR:process_reader_win.cc(151)] SuspendThread: Access is denied. (0x5)
[1219/122835.924:ERROR:process_reader_win.cc(123)] NtOpenThread: {Access Denied} A process has requested access to an object, but has not been granted those access rights. (0xc0000022)
[1219/122835.930:ERROR:exception_snapshot_win.cc(99)] thread ID 12696 not found in process
[1219/122835.680:ERROR:process_reader_win.cc(151)] SuspendThread: Access is denied. (0x5)
[1219/122835.931:ERROR:process_reader_win.cc(123)] NtOpenThread: {Access Denied} A process has requested access to an object, but has not been granted those access rights. (0xc0000022)
[1219/122835.932:ERROR:exception_snapshot_win.cc(99)] thread ID 12832 not found in process
[1219/122835.686:ERROR:process_reader_win.cc(151)] SuspendThread: Access is denied. (0x5)
[1219/122835.932:ERROR:process_reader_win.cc(151)] SuspendThread: Access is denied. (0x5)
[1219/122835.932:ERROR:process_reader_win.cc(123)] NtOpenThread: {Access Denied} A process has requested access to an object, but has not been granted those access rights. (0xc0000022)
[1219/122835.933:ERROR:exception_snapshot_win.cc(99)] thread ID 12800 not found in process
[1219/122835.708:ERROR:process_reader_win.cc(151)] SuspendThread: Access is denied. (0x5)
[1219/122835.937:ERROR:process_reader_win.cc(151)] SuspendThread: Access is denied. (0x5)
[1219/122835.937:ERROR:process_reader_win.cc(123)] NtOpenThread: {Access Denied} A process has requested access to an object, but has not been granted those access rights. (0xc0000022)
[1219/122835.937:ERROR:exception_snapshot_win.cc(99)] thread ID 12796 not found in process
[1219/122835.736:ERROR:process_reader_win.cc(151)] SuspendThread: Access is denied. (0x5)
[1219/122835.953:ERROR:process_reader_win.cc(151)] SuspendThread: Access is denied. (0x5)
[1219/122835.953:ERROR:process_reader_win.cc(123)] NtOpenThread: {Access Denied} A process has requested access to an object, but has not been granted those access rights. (0xc0000022)
[1219/122835.953:ERROR:exception_snapshot_win.cc(99)] thread ID 12844 not found in process
[1219/122835.927:ERROR:process_reader_win.cc(123)] NtOpenThread: {Access Denied} A process has requested access to an object, but has not been granted those access rights. (0xc0000022)
[1219/122835.954:ERROR:exception_snapshot_win.cc(99)] thread ID 12684 not found in process
[1219/122835.963:ERROR:process_reader_win.cc(123)] NtOpenThread: {Access Denied} A process has requested access to an object, but has not been granted those access rights. (0xc0000022)
[1219/122835.963:ERROR:exception_snapshot_win.cc(99)] thread ID 12988 not found in process
[1219/122835.927:ERROR:process_reader_win.cc(123)] NtOpenThread: {Access Denied} A process has requested access to an object, but has not been granted those access rights. (0xc0000022)
[1219/122835.963:ERROR:exception_snapshot_win.cc(99)] thread ID 12688 not found in process
[1219/122835.965:ERROR:process_reader_win.cc(123)] NtOpenThread: {Access Denied} A process has requested access to an object, but has not been granted those access rights. (0xc0000022)
[1219/122835.965:ERROR:exception_snapshot_win.cc(99)] thread ID 12792 not found in process
[1219/122835.927:ERROR:process_reader_win.cc(123)] NtOpenThread: {Access Denied} A process has requested access to an object, but has not been granted those access rights. (0xc0000022)
[1219/122835.973:ERROR:exception_snapshot_win.cc(99)] thread ID 12760 not found in process
[1219/122835.976:ERROR:process_reader_win.cc(123)] NtOpenThread: {Access Denied} A process has requested access to an object, but has not been granted those access rights. (0xc0000022)
[1219/122835.977:ERROR:exception_snapshot_win.cc(99)] thread ID 12804 not found in process
[1219/122835.978:ERROR:process_reader_win.cc(123)] NtOpenThread: {Access Denied} A process has requested access to an object, but has not been granted those access rights. (0xc0000022)
[1219/122835.978:ERROR:exception_snapshot_win.cc(99)] thread ID 12692 not found in process
[1219/122835.927:ERROR:process_reader_win.cc(123)] NtOpenThread: {Access Denied} A process has requested access to an object, but has not been granted those access rights. (0xc0000022)
[1219/122835.985:ERROR:exception_snapshot_win.cc(99)] thread ID 12780 not found in process
[1219/122835.927:ERROR:process_reader_win.cc(123)] NtOpenThread: {Access Denied} A process has requested access to an object, but has not been granted those access rights. (0xc0000022)
[1219/122835.987:ERROR:exception_snapshot_win.cc(99)] thread ID 12828 not found in process
[1219/122835.987:ERROR:process_reader_win.cc(123)] NtOpenThread: {Access Denied} A process has requested access to an object, but has not been granted those access rights. (0xc0000022)
[1219/122835.987:ERROR:exception_snapshot_win.cc(99)] thread ID 12676 not found in process
[1219/122835.926:ERROR:process_reader_win.cc(123)] NtOpenThread: {Access Denied} A process has requested access to an object, but has not been granted those access rights. (0xc0000022)
[1219/122835.925:ERROR:process_reader_win.cc(123)] NtOpenThread: {Access Denied} A process has requested access to an object, but has not been granted those access rights. (0xc0000022)
[1219/122835.996:ERROR:exception_snapshot_win.cc(99)] thread ID 12764 not found in process
[1219/122835.996:ERROR:exception_snapshot_win.cc(99)] thread ID 12756 not found in process
[1219/122836.009:ERROR:process_reader_win.cc(123)] NtOpenThread: {Access Denied} A process has requested access to an object, but has not been granted those access rights. (0xc0000022)
[1219/122836.009:ERROR:exception_snapshot_win.cc(99)] thread ID 12652 not found in process
[1219/122836.009:ERROR:process_reader_win.cc(123)] NtOpenThread: {Access Denied} A process has requested access to an object, but has not been granted those access rights. (0xc0000022)
[1219/122836.010:ERROR:exception_snapshot_win.cc(99)] thread ID 12788 not found in process
[1219/122836.020:ERROR:process_reader_win.cc(123)] NtOpenThread: {Access Denied} A process has requested access to an object, but has not been granted those access rights. (0xc0000022)
[1219/122836.020:ERROR:exception_snapshot_win.cc(99)] thread ID 12644 not found in process
[1219/122836.034:ERROR:process_reader_win.cc(123)] NtOpenThread: {Access Denied} A process has requested access to an object, but has not been granted those access rights. (0xc0000022)
[1219/122836.035:ERROR:exception_snapshot_win.cc(99)] thread ID 12784 not found in process
[1219/122836.036:ERROR:process_reader_win.cc(123)] NtOpenThread: {Access Denied} A process has requested access to an object, but has not been granted those access rights. (0xc0000022)
[1219/122836.036:ERROR:exception_snapshot_win.cc(99)] thread ID 12776 not found in process
[1219/122835.996:ERROR:process_reader_win.cc(123)] NtOpenThread: {Access Denied} A process has requested access to an object, but has not been granted those access rights. (0xc0000022)
[1219/122836.036:ERROR:exception_snapshot_win.cc(99)] thread ID 12672 not found in process
[1219/122836.048:ERROR:process_reader_win.cc(123)] NtOpenThread: {Access Denied} A process has requested access to an object, but has not been granted those access rights. (0xc0000022)
[1219/122836.048:ERROR:exception_snapshot_win.cc(99)] thread ID 12656 not found in process
[1219/122836.052:ERROR:process_reader_win.cc(123)] NtOpenThread: {Access Denied} A process has requested access to an object, but has not been granted those access rights. (0xc0000022)
[1219/122836.053:ERROR:exception_snapshot_win.cc(99)] thread ID 12668 not found in process
[1219/122836.152:ERROR:process_reader_win.cc(123)] NtOpenThread: {Access Denied} A process has requested access to an object, but has not been granted those access rights. (0xc0000022)
[1219/122836.152:ERROR:exception_snapshot_win.cc(99)] thread ID 1524 not found in process
[1219/122836.156:ERROR:process_reader_win.cc(123)] NtOpenThread: {Access Denied} A process has requested access to an object, but has not been granted those access rights. (0xc0000022)
[1219/122836.156:ERROR:exception_snapshot_win.cc(99)] thread ID 12664 not found in process
[1219/123051.885:ERROR:process_reader_win.cc(151)] SuspendThread: Access is denied. (0x5)
[1219/123051.887:ERROR:process_reader_win.cc(151)] SuspendThread: Access is denied. (0x5)
[1219/123051.887:ERROR:process_reader_win.cc(151)] SuspendThread: Access is denied. (0x5)
[1219/123051.887:ERROR:process_reader_win.cc(151)] SuspendThread: Access is denied. (0x5)
[1219/123051.887:ERROR:process_reader_win.cc(151)] SuspendThread: Access is denied. (0x5)
[1219/123051.888:ERROR:process_reader_win.cc(151)] SuspendThread: Access is denied. (0x5)
[1219/123051.888:ERROR:process_reader_win.cc(151)] SuspendThread: Access is denied. (0x5)
[1219/123051.888:ERROR:process_reader_win.cc(151)] SuspendThread: Access is denied. (0x5)
[1219/123051.888:ERROR:process_reader_win.cc(151)] SuspendThread: Access is denied. (0x5)
[1219/123051.888:ERROR:process_reader_win.cc(151)] SuspendThread: Access is denied. (0x5)
[1219/123051.888:ERROR:process_reader_win.cc(151)] SuspendThread: Access is denied. (0x5)
[1219/123051.888:ERROR:process_reader_win.cc(151)] SuspendThread: Access is denied. (0x5)
[1219/123051.888:ERROR:process_reader_win.cc(123)] NtOpenThread: {Access Denied} A process has requested access to an object, but has not been granted those access rights. (0xc0000022)
[1219/123051.889:ERROR:exception_snapshot_win.cc(99)] thread ID 11304 not found in process
[1219/123051.932:ERROR:process_reader_win.cc(123)] NtOpenThread: {Access Denied} A process has requested access to an object, but has not been granted those access rights. (0xc0000022)
[1219/123051.933:ERROR:exception_snapshot_win.cc(99)] thread ID 12712 not found in process
[1219/123052.012:ERROR:process_reader_win.cc(123)] NtOpenThread: {Access Denied} A process has requested access to an object, but has not been granted those access rights. (0xc0000022)
[1219/123052.012:ERROR:exception_snapshot_win.cc(99)] thread ID 12036 not found in process
[1219/130341.701:ERROR:process_reader_win.cc(151)] SuspendThread: Access is denied. (0x5)
[1219/130341.703:ERROR:process_reader_win.cc(151)] SuspendThread: Access is denied. (0x5)
[1219/130341.703:ERROR:process_reader_win.cc(123)] NtOpenThread: {Access Denied} A process has requested access to an object, but has not been granted those access rights. (0xc0000022)
[1219/130341.704:ERROR:exception_snapshot_win.cc(99)] thread ID 2308 not found in process
[1219/130341.710:ERROR:process_reader_win.cc(151)] SuspendThread: Access is denied. (0x5)
[1219/130341.710:ERROR:process_reader_win.cc(151)] SuspendThread: Access is denied. (0x5)
[1219/130341.710:ERROR:process_reader_win.cc(123)] NtOpenThread: {Access Denied} A process has requested access to an object, but has not been granted those access rights. (0xc0000022)
[1219/130341.711:ERROR:exception_snapshot_win.cc(99)] thread ID 10564 not found in process
[1219/130341.727:ERROR:process_reader_win.cc(151)] SuspendThread: Access is denied. (0x5)
[1219/130341.727:ERROR:process_reader_win.cc(123)] NtOpenThread: {Access Denied} A process has requested access to an object, but has not been granted those access rights. (0xc0000022)
[1219/130341.728:ERROR:exception_snapshot_win.cc(99)] thread ID 9184 not found in process
[1219/130341.733:ERROR:process_reader_win.cc(151)] SuspendThread: Access is denied. (0x5)
[1219/130341.733:ERROR:process_reader_win.cc(151)] SuspendThread: Access is denied. (0x5)
[1219/130341.733:ERROR:process_reader_win.cc(151)] SuspendThread: Access is denied. (0x5)
[1219/130341.733:ERROR:process_reader_win.cc(151)] SuspendThread: Access is denied. (0x5)
[1219/130341.733:ERROR:process_reader_win.cc(123)] NtOpenThread: {Access Denied} A process has requested access to an object, but has not been granted those access rights. (0xc0000022)
[1219/130341.734:ERROR:exception_snapshot_win.cc(99)] thread ID 8016 not found in process
[1219/130341.738:ERROR:process_reader_win.cc(151)] SuspendThread: Access is denied. (0x5)
[1219/130341.738:ERROR:process_reader_win.cc(151)] SuspendThread: Access is denied. (0x5)
[1219/130341.738:ERROR:process_reader_win.cc(123)] NtOpenThread: {Access Denied} A process has requested access to an object, but has not been granted those access rights. (0xc0000022)
[1219/130341.738:ERROR:exception_snapshot_win.cc(99)] thread ID 6172 not found in process
[1219/130341.754:ERROR:process_reader_win.cc(151)] SuspendThread: Access is denied. (0x5)
[1219/130341.754:ERROR:process_reader_win.cc(151)] SuspendThread: Access is denied. (0x5)
[1219/130341.754:ERROR:process_reader_win.cc(123)] NtOpenThread: {Access Denied} A process has requested access to an object, but has not been granted those access rights. (0xc0000022)
[1219/130341.754:ERROR:exception_snapshot_win.cc(99)] thread ID 11720 not found in process
[1219/130341.760:ERROR:process_reader_win.cc(151)] SuspendThread: Access is denied. (0x5)
[1219/130341.760:ERROR:process_reader_win.cc(151)] SuspendThread: Access is denied. (0x5)
[1219/130341.760:ERROR:process_reader_win.cc(151)] SuspendThread: Access is denied. (0x5)
[1219/130341.760:ERROR:process_reader_win.cc(151)] SuspendThread: Access is denied. (0x5)
[1219/130341.761:ERROR:process_reader_win.cc(151)] SuspendThread: Access is denied. (0x5)
[1219/130341.761:ERROR:process_reader_win.cc(151)] SuspendThread: Access is denied. (0x5)
[1219/130341.761:ERROR:process_reader_win.cc(151)] SuspendThread: Access is denied. (0x5)
[1219/130341.761:ERROR:process_reader_win.cc(151)] SuspendThread: Access is denied. (0x5)
[1219/130341.761:ERROR:process_reader_win.cc(151)] SuspendThread: Access is denied. (0x5)
[1219/130341.761:ERROR:process_reader_win.cc(151)] SuspendThread: Access is denied. (0x5)
[1219/130341.761:ERROR:process_reader_win.cc(151)] SuspendThread: Access is denied. (0x5)
[1219/130341.761:ERROR:process_reader_win.cc(123)] NtOpenThread: {Access Denied} A process has requested access to an object, but has not been granted those access rights. (0xc0000022)
[1219/130341.761:ERROR:exception_snapshot_win.cc(99)] thread ID 12740 not found in process
[1219/130341.767:ERROR:process_reader_win.cc(151)] SuspendThread: Access is denied. (0x5)
[1219/130341.767:ERROR:process_reader_win.cc(151)] SuspendThread: Access is denied. (0x5)
[1219/130341.768:ERROR:process_reader_win.cc(151)] SuspendThread: Access is denied. (0x5)
[1219/130341.768:ERROR:process_reader_win.cc(151)] SuspendThread: Access is denied. (0x5)
[1219/130341.768:ERROR:process_reader_win.cc(151)] SuspendThread: Access is denied. (0x5)
[1219/130341.768:ERROR:process_reader_win.cc(151)] SuspendThread: Access is denied. (0x5)
[1219/130341.768:ERROR:process_reader_win.cc(151)] SuspendThread: Access is denied. (0x5)
[1219/130341.768:ERROR:process_reader_win.cc(151)] SuspendThread: Access is denied. (0x5)
[1219/130341.768:ERROR:process_reader_win.cc(151)] SuspendThread: Access is denied. (0x5)
[1219/130341.768:ERROR:process_reader_win.cc(151)] SuspendThread: Access is denied. (0x5)
[1219/130341.768:ERROR:process_reader_win.cc(151)] SuspendThread: Access is denied. (0x5)
[1219/130341.768:ERROR:process_reader_win.cc(151)] SuspendThread: Access is denied. (0x5)
[1219/130341.768:ERROR:process_reader_win.cc(151)] SuspendThread: Access is denied. (0x5)
[1219/130341.768:ERROR:process_reader_win.cc(123)] NtOpenThread: {Access Denied} A process has requested access to an object, but has not been granted those access rights. (0xc0000022)
[1219/130341.768:ERROR:process_reader_win.cc(151)] SuspendThread: Access is denied. (0x5)
[1219/130341.768:ERROR:exception_snapshot_win.cc(99)] thread ID 12488 not found in process
[1219/130341.768:ERROR:process_reader_win.cc(123)] NtOpenThread: {Access Denied} A process has requested access to an object, but has not been granted those access rights. (0xc0000022)
[1219/130341.768:ERROR:exception_snapshot_win.cc(99)] thread ID 11272 not found in process
[1219/130341.785:ERROR:process_reader_win.cc(151)] SuspendThread: Access is denied. (0x5)
[1219/130341.785:ERROR:process_reader_win.cc(151)] SuspendThread: Access is denied. (0x5)
[1219/130341.785:ERROR:process_reader_win.cc(151)] SuspendThread: Access is denied. (0x5)
[1219/130341.785:ERROR:process_reader_win.cc(151)] SuspendThread: Access is denied. (0x5)
[1219/130341.785:ERROR:process_reader_win.cc(151)] SuspendThread: Access is denied. (0x5)
[1219/130341.785:ERROR:process_reader_win.cc(151)] SuspendThread: Access is denied. (0x5)
[1219/130341.785:ERROR:process_reader_win.cc(151)] SuspendThread: Access is denied. (0x5)
[1219/130341.785:ERROR:process_reader_win.cc(151)] SuspendThread: Access is denied. (0x5)
[1219/130341.785:ERROR:process_reader_win.cc(151)] SuspendThread: Access is denied. (0x5)
[1219/130341.785:ERROR:process_reader_win.cc(151)] SuspendThread: Access is denied. (0x5)
[1219/130341.785:ERROR:process_reader_win.cc(151)] SuspendThread: Access is denied. (0x5)
[1219/130341.786:ERROR:process_reader_win.cc(151)] SuspendThread: Access is denied. (0x5)
[1219/130341.786:ERROR:process_reader_win.cc(123)] NtOpenThread: {Access Denied} A process has requested access to an object, but has not been granted those access rights. (0xc0000022)
[1219/130341.786:ERROR:exception_snapshot_win.cc(99)] thread ID 3388 not found in process
[1219/130341.793:ERROR:process_reader_win.cc(151)] SuspendThread: Access is denied. (0x5)
[1219/130341.793:ERROR:process_reader_win.cc(151)] SuspendThread: Access is denied. (0x5)
[1219/130341.794:ERROR:process_reader_win.cc(151)] SuspendThread: Access is denied. (0x5)
[1219/130341.794:ERROR:process_reader_win.cc(151)] SuspendThread: Access is denied. (0x5)
[1219/130341.794:ERROR:process_reader_win.cc(151)] SuspendThread: Access is denied. (0x5)
[1219/130341.794:ERROR:process_reader_win.cc(151)] SuspendThread: Access is denied. (0x5)
[1219/130341.794:ERROR:process_reader_win.cc(151)] SuspendThread: Access is denied. (0x5)
[1219/130341.794:ERROR:process_reader_win.cc(151)] SuspendThread: Access is denied. (0x5)
[1219/130341.794:ERROR:process_reader_win.cc(151)] SuspendThread: Access is denied. (0x5)
[1219/130341.794:ERROR:process_reader_win.cc(151)] SuspendThread: Access is denied. (0x5)
[1219/130341.794:ERROR:process_reader_win.cc(151)] SuspendThread: Access is denied. (0x5)
[1219/130341.794:ERROR:process_reader_win.cc(123)] NtOpenThread: {Access Denied} A process has requested access to an object, but has not been granted those access rights. (0xc0000022)
[1219/130341.794:ERROR:exception_snapshot_win.cc(99)] thread ID 11620 not found in process
[1219/130341.800:ERROR:process_reader_win.cc(151)] SuspendThread: Access is denied. (0x5)
[1219/130341.800:ERROR:process_reader_win.cc(151)] SuspendThread: Access is denied. (0x5)
[1219/130341.800:ERROR:process_reader_win.cc(151)] SuspendThread: Access is denied. (0x5)
[1219/130341.800:ERROR:process_reader_win.cc(151)] SuspendThread: Access is denied. (0x5)
[1219/130341.800:ERROR:process_reader_win.cc(151)] SuspendThread: Access is denied. (0x5)
[1219/130341.800:ERROR:process_reader_win.cc(151)] SuspendThread: Access is denied. (0x5)
[1219/130341.800:ERROR:process_reader_win.cc(151)] SuspendThread: Access is denied. (0x5)
[1219/130341.800:ERROR:process_reader_win.cc(151)] SuspendThread: Access is denied. (0x5)
[1219/130341.800:ERROR:process_reader_win.cc(151)] SuspendThread: Access is denied. (0x5)
[1219/130341.800:ERROR:process_reader_win.cc(151)] SuspendThread: Access is denied. (0x5)
[1219/130341.800:ERROR:process_reader_win.cc(151)] SuspendThread: Access is denied. (0x5)
[1219/130341.800:ERROR:process_reader_win.cc(151)] SuspendThread: Access is denied. (0x5)
[1219/130341.801:ERROR:process_reader_win.cc(151)] SuspendThread: Access is denied. (0x5)
[1219/130341.801:ERROR:process_reader_win.cc(151)] SuspendThread: Access is denied. (0x5)
[1219/130341.801:ERROR:process_reader_win.cc(151)] SuspendThread: Access is denied. (0x5)
[1219/130341.801:ERROR:process_reader_win.cc(151)] SuspendThread: Access is denied. (0x5)
[1219/130341.801:ERROR:process_reader_win.cc(151)] SuspendThread: Access is denied. (0x5)
[1219/130341.801:ERROR:process_reader_win.cc(151)] SuspendThread: Access is denied. (0x5)
[1219/130341.801:ERROR:process_reader_win.cc(151)] SuspendThread: Access is denied. (0x5)
[1219/130341.801:ERROR:process_reader_win.cc(151)] SuspendThread: Access is denied. (0x5)
[1219/130341.801:ERROR:process_reader_win.cc(151)] SuspendThread: Access is denied. (0x5)
[1219/130341.801:ERROR:process_reader_win.cc(151)] SuspendThread: Access is denied. (0x5)
[1219/130341.801:ERROR:process_reader_win.cc(151)] SuspendThread: Access is denied. (0x5)
[1219/130341.801:ERROR:process_reader_win.cc(151)] SuspendThread: Access is denied. (0x5)
[1219/130341.801:ERROR:process_reader_win.cc(123)] NtOpenThread: {Access Denied} A process has requested access to an object, but has not been granted those access rights. (0xc0000022)
[1219/130341.801:ERROR:process_reader_win.cc(123)] NtOpenThread: {Access Denied} A process has requested access to an object, but has not been granted those access rights. (0xc0000022)
[1219/130341.801:ERROR:exception_snapshot_win.cc(99)] thread ID 12268 not found in process
[1219/130341.801:ERROR:exception_snapshot_win.cc(99)] thread ID 10056 not found in process
[1219/130341.821:ERROR:process_reader_win.cc(151)] SuspendThread: Access is denied. (0x5)
[1219/130341.821:ERROR:process_reader_win.cc(151)] SuspendThread: Access is denied. (0x5)
[1219/130341.821:ERROR:process_reader_win.cc(151)] SuspendThread: Access is denied. (0x5)
[1219/130341.821:ERROR:process_reader_win.cc(151)] SuspendThread: Access is denied. (0x5)
[1219/130341.821:ERROR:process_reader_win.cc(151)] SuspendThread: Access is denied. (0x5)
[1219/130341.821:ERROR:process_reader_win.cc(151)] SuspendThread: Access is denied. (0x5)
[1219/130341.821:ERROR:process_reader_win.cc(151)] SuspendThread: Access is denied. (0x5)
[1219/130341.821:ERROR:process_reader_win.cc(151)] SuspendThread: Access is denied. (0x5)
[1219/130341.821:ERROR:process_reader_win.cc(151)] SuspendThread: Access is denied. (0x5)
[1219/130341.821:ERROR:process_reader_win.cc(151)] SuspendThread: Access is denied. (0x5)
[1219/130341.821:ERROR:process_reader_win.cc(123)] NtOpenThread: {Access Denied} A process has requested access to an object, but has not been granted those access rights. (0xc0000022)
[1219/130341.821:ERROR:exception_snapshot_win.cc(99)] thread ID 8536 not found in process
[1219/130341.826:ERROR:process_reader_win.cc(151)] SuspendThread: Access is denied. (0x5)
[1219/130341.826:ERROR:process_reader_win.cc(151)] SuspendThread: Access is denied. (0x5)
[1219/130341.826:ERROR:process_reader_win.cc(151)] SuspendThread: Access is denied. (0x5)
[1219/130341.826:ERROR:process_reader_win.cc(151)] SuspendThread: Access is denied. (0x5)
[1219/130341.826:ERROR:process_reader_win.cc(151)] SuspendThread: Access is denied. (0x5)
[1219/130341.826:ERROR:process_reader_win.cc(151)] SuspendThread: Access is denied. (0x5)
[1219/130341.826:ERROR:process_reader_win.cc(151)] SuspendThread: Access is denied. (0x5)
[1219/130341.826:ERROR:process_reader_win.cc(151)] SuspendThread: Access is denied. (0x5)
[1219/130341.826:ERROR:process_reader_win.cc(151)] SuspendThread: Access is denied. (0x5)
[1219/130341.826:ERROR:process_reader_win.cc(151)] SuspendThread: Access is denied. (0x5)
[1219/130341.826:ERROR:process_reader_win.cc(151)] SuspendThread: Access is denied. (0x5)
[1219/130341.826:ERROR:process_reader_win.cc(151)] SuspendThread: Access is denied. (0x5)
[1219/130341.826:ERROR:process_reader_win.cc(123)] NtOpenThread: {Access Denied} A process has requested access to an object, but has not been granted those access rights. (0xc0000022)
[1219/130341.827:ERROR:exception_snapshot_win.cc(99)] thread ID 13192 not found in process
[1219/130341.827:ERROR:process_reader_win.cc(151)] SuspendThread: Access is denied. (0x5)
[1219/130341.827:ERROR:process_reader_win.cc(151)] SuspendThread: Access is denied. (0x5)
[1219/130341.827:ERROR:process_reader_win.cc(151)] SuspendThread: Access is denied. (0x5)
[1219/130341.827:ERROR:process_reader_win.cc(151)] SuspendThread: Access is denied. (0x5)
[1219/130341.827:ERROR:process_reader_win.cc(151)] SuspendThread: Access is denied. (0x5)
[1219/130341.827:ERROR:process_reader_win.cc(151)] SuspendThread: Access is denied. (0x5)
[1219/130341.827:ERROR:process_reader_win.cc(151)] SuspendThread: Access is denied. (0x5)
[1219/130341.827:ERROR:process_reader_win.cc(151)] SuspendThread: Access is denied. (0x5)
[1219/130341.827:ERROR:process_reader_win.cc(151)] SuspendThread: Access is denied. (0x5)
[1219/130341.828:ERROR:process_reader_win.cc(151)] SuspendThread: Access is denied. (0x5)
[1219/130341.828:ERROR:process_reader_win.cc(151)] SuspendThread: Access is denied. (0x5)
[1219/130341.828:ERROR:process_reader_win.cc(123)] NtOpenThread: {Access Denied} A process has requested access to an object, but has not been granted those access rights. (0xc0000022)
[1219/130341.828:ERROR:exception_snapshot_win.cc(99)] thread ID 11456 not found in process
[1219/130341.828:ERROR:process_reader_win.cc(151)] SuspendThread: Access is denied. (0x5)
[1219/130341.828:ERROR:process_reader_win.cc(151)] SuspendThread: Access is denied. (0x5)
[1219/130341.828:ERROR:process_reader_win.cc(151)] SuspendThread: Access is denied. (0x5)
[1219/130341.829:ERROR:process_reader_win.cc(151)] SuspendThread: Access is denied. (0x5)
[1219/130341.829:ERROR:process_reader_win.cc(151)] SuspendThread: Access is denied. (0x5)
[1219/130341.829:ERROR:process_reader_win.cc(151)] SuspendThread: Access is denied. (0x5)
[1219/130341.829:ERROR:process_reader_win.cc(151)] SuspendThread: Access is denied. (0x5)
[1219/130341.829:ERROR:process_reader_win.cc(151)] SuspendThread: Access is denied. (0x5)
[1219/130341.829:ERROR:process_reader_win.cc(151)] SuspendThread: Access is denied. (0x5)
[1219/130341.830:ERROR:process_reader_win.cc(151)] SuspendThread: Access is denied. (0x5)
[1219/130341.830:ERROR:process_reader_win.cc(151)] SuspendThread: Access is denied. (0x5)
[1219/130341.830:ERROR:process_reader_win.cc(151)] SuspendThread: Access is denied. (0x5)
[1219/130341.830:ERROR:process_reader_win.cc(123)] NtOpenThread: {Access Denied} A process has requested access to an object, but has not been granted those access rights. (0xc0000022)
[1219/130341.830:ERROR:exception_snapshot_win.cc(99)] thread ID 12328 not found in process
[1219/130341.856:ERROR:process_reader_win.cc(151)] SuspendThread: Access is denied. (0x5)
[1219/130341.856:ERROR:process_reader_win.cc(151)] SuspendThread: Access is denied. (0x5)
[1219/130341.856:ERROR:process_reader_win.cc(151)] SuspendThread: Access is denied. (0x5)
[1219/130341.856:ERROR:process_reader_win.cc(151)] SuspendThread: Access is denied. (0x5)
[1219/130341.856:ERROR:process_reader_win.cc(151)] SuspendThread: Access is denied. (0x5)
[1219/130341.856:ERROR:process_reader_win.cc(151)] SuspendThread: Access is denied. (0x5)
[1219/130341.856:ERROR:process_reader_win.cc(151)] SuspendThread: Access is denied. (0x5)
[1219/130341.856:ERROR:process_reader_win.cc(151)] SuspendThread: Access is denied. (0x5)
[1219/130341.856:ERROR:process_reader_win.cc(151)] SuspendThread: Access is denied. (0x5)
[1219/130341.856:ERROR:process_reader_win.cc(151)] SuspendThread: Access is denied. (0x5)
[1219/130341.856:ERROR:process_reader_win.cc(123)] NtOpenThread: {Access Denied} A process has requested access to an object, but has not been granted those access rights. (0xc0000022)
[1219/130341.857:ERROR:exception_snapshot_win.cc(99)] thread ID 13208 not found in process
[1219/131346.248:ERROR:directory_reader_win.cc(43)] FindFirstFile: The system cannot find the path specified. (0x3)
